Arguments: 
  D:\Program Files\nodejs\node.exe D:\Program Files (x86)\Yarn\bin\yarn.js

PATH: 
  D:\Program Files\Git\mingw64\bin;D:\Program Files\Git\usr\bin;C:\Users\Simon\bin;C:\Windows\system32;C:\Windows;C:\Windows\System32\Wbem;C:\Windows\System32\WindowsPowerShell\v1.0;D:\Program Files\nodejs;D:\Program Files\nodejs\node_global;D:\Program Files\Git\cmd;D:\Python27;D:\Python27\Scripts;D:\Program Files (x86)\Yarn\bin;D:\Program Files (x86)\Microsoft VS Code\bin;C:\Users\Simon\AppData\Local\Yarn\bin;C:\Users\Simon\AppData\Roaming\npm

Yarn version: 
  1.9.4

Node version: 
  8.12.0

Platform: 
  win32 x64

Trace: 
  Error: connect ETIMEDOUT 10.6.11.31:4873
      at TCPConnectWrap.afterConnect [as oncomplete] (net.js:1191:14)

npm manifest: 
  {
    "name": "improveReact",
    "version": "1.0.0",
    "description": "this project is based on reactTemplate",
    "main": "index.js",
    "scripts": {
      "build": "webpack --config webpack.config.js",
      "start": "webpack-dev-server --mode development"
    },
    "repository": {
      "type": "git",
      "url": "git+https://github.com/closertb/reactTemplate.git"
    },
    "keywords": [],
    "author": "",
    "license": "ISC",
    "devDependencies": {
      "babel-core": "^6.26.0",
      "babel-loader": "^7.1.2",
      "babel-preset-es2015": "^6.24.1",
      "babel-preset-react": "^6.24.1",
      "clean-webpack-plugin": "^0.1.19",
      "css-loader": "^0.28.9",
      "eslint": "^5.7.0",
      "eslint-plugin-react": "^7.11.1",
      "file-loader": "^2.0.0",
      "html-webpack-plugin": "^3.2.0",
      "less": "^3.8.1",
      "less-loader": "^4.1.0",
      "mini-css-extract-plugin": "^0.4.4",
      "style-loader": "^0.20.1",
      "url-loader": "^0.6.2",
      "webpack": "^4.23.1",
      "webpack-cli": "^3.1.2",
      "webpack-dev-server": "^3.1.10"
    },
    "dependencies": {
      "antd": "^3.10.8",
      "moment": "^2.22.2",
      "react": "^16.2.0",
      "react-dom": "^16.2.0",
      "react-router-dom": "^4.2.2"
    }
  }

yarn manifest: 
  No manifest

Lockfile: 
  No lockfile
